0 info it worked if it ends with ok
1 verbose cli [ 'D:\\Program Files\\nodejs\\\\node.exe',
1 verbose cli   'D:\\Program Files\\nodejs\\node_modules\\npm\\bin\\npm-cli.js',
1 verbose cli   'install',
1 verbose cli   'libmine' ]
2 info using npm@1.3.11
3 info using node@v0.10.20
4 verbose node symlink D:\Program Files\nodejs\\node.exe
5 verbose readDependencies using package.json deps
6 verbose cache add [ 'libmine', null ]
7 verbose cache add name=undefined spec="libmine" args=["libmine",null]
8 verbose parsed url { protocol: null,
8 verbose parsed url   slashes: null,
8 verbose parsed url   auth: null,
8 verbose parsed url   host: null,
8 verbose parsed url   port: null,
8 verbose parsed url   hostname: null,
8 verbose parsed url   hash: null,
8 verbose parsed url   search: null,
8 verbose parsed url   query: null,
8 verbose parsed url   pathname: 'libmine',
8 verbose parsed url   path: 'libmine',
8 verbose parsed url   href: 'libmine' }
9 silly lockFile cf1b0909-libmine libmine
10 verbose lock libmine C:\Users\weizhankui\AppData\Roaming\npm-cache\cf1b0909-libmine.lock
11 silly lockFile cf1b0909-libmine libmine
12 silly lockFile cf1b0909-libmine libmine
13 verbose addNamed [ 'libmine', '' ]
14 verbose addNamed [ null, '*' ]
15 silly lockFile 62493c45-libmine libmine@
16 verbose lock libmine@ C:\Users\weizhankui\AppData\Roaming\npm-cache\62493c45-libmine.lock
17 silly addNameRange { name: 'libmine', range: '*', hasData: false }
18 verbose url raw libmine
19 verbose url resolving [ 'https://registry.npmjs.org/', './libmine' ]
20 verbose url resolved https://registry.npmjs.org/libmine
21 info trying registry request attempt 1 at 10:25:40
22 http GET https://registry.npmjs.org/libmine
23 http 404 https://registry.npmjs.org/libmine
24 silly registry.get cb [ 404,
24 silly registry.get   { server: 'CouchDB/1.5.0 (Erlang OTP/R16B03)',
24 silly registry.get     'content-type': 'application/json',
24 silly registry.get     'cache-control': 'max-age=0',
24 silly registry.get     'content-length': '51',
24 silly registry.get     'accept-ranges': 'bytes',
24 silly registry.get     date: 'Thu, 30 Jul 2015 02:25:34 GMT',
24 silly registry.get     via: '1.1 varnish',
24 silly registry.get     age: '0',
24 silly registry.get     connection: 'keep-alive',
24 silly registry.get     'x-served-by': 'cache-nrt6122-NRT',
24 silly registry.get     'x-cache': 'MISS',
24 silly registry.get     'x-cache-hits': '0',
24 silly registry.get     'x-timer': 'S1438223134.124447,VS0,VE527' } ]
25 silly lockFile 62493c45-libmine libmine@
26 silly lockFile 62493c45-libmine libmine@
27 error 404 'libmine' is not in the npm registry.
27 error 404 You should bug the author to publish it
27 error 404
27 error 404 Note that you can also install from a
27 error 404 tarball, folder, or http url, or git url.
28 error System Windows_NT 6.1.7601
29 error command "D:\\Program Files\\nodejs\\\\node.exe" "D:\\Program Files\\nodejs\\node_modules\\npm\\bin\\npm-cli.js" "install" "libmine"
30 error cwd D:\node_workspace\study
31 error node -v v0.10.20
32 error npm -v 1.3.11
33 error code E404
34 verbose exit [ 1, true ]
